tests_data/basic/code.asm: Assembly (code)
tests_data/basic/code.c: C source (code)
tests_data/basic/code.css: CSS source (code)
tests_data/basic/code.js: JavaScript source (code)
tests_data/basic/code.py: Python source (code)
tests_data/basic/code.rs: Rust source (code)
tests_data/basic/code.smali: Smali source (code)
tests_data/basic/doc.docx: Microsoft Word 2007+ document (document)
tests_data/basic/doc.epub: EPUB document (document)
tests_data/basic/doc.html: HTML document (code)
tests_data/basic/doc.ini: INI configuration file (text)
tests_data/basic/doc.json: JSON document (code)
tests_data/basic/doc.odt: OpenDocument Text (document)
tests_data/basic/doc.pem: PEM certificate (application)
tests_data/basic/doc.pub: PEM certificate (application)
tests_data/basic/doc.rtf: Rich Text Format document (text)
tests_data/basic/text.txt: Generic text document (text)
tests_data/mitra/7-zip.7z: 7-zip archive data (archive)
tests_data/mitra/NT.zip: Zip archive data (archive)
tests_data/mitra/NTFS.zip: Zip archive data (archive)
tests_data/mitra/PPMd.zip: Zip archive data (archive)
tests_data/mitra/aes.zip: Zip archive data (archive)
tests_data/mitra/bmp.bmp: BMP image data (image)
tests_data/mitra/bz2.zip: Zip archive data (archive)
tests_data/mitra/bzip2.bz2: bzip2 compressed data (archive)
tests_data/mitra/cab.cab: Microsoft Cabinet archive data (archive)
tests_data/mitra/cgbi.png: PNG image data (image)
tests_data/mitra/deflate64.zip: Zip archive data (archive)
tests_data/mitra/directory.zip: Zip archive data (archive)
tests_data/mitra/drive.zip: Zip archive data (archive)
tests_data/mitra/dual.zip: Zip archive data (archive)
tests_data/mitra/elf.elf: ELF executable (executable)
tests_data/mitra/elf64.elf: ELF executable (executable)
tests_data/mitra/filecomment.zip: Zip archive data (archive)
tests_data/mitra/flac.flac: FLAC audio bitstream data (audio)
tests_data/mitra/footer.tga: Targa image data (image)
tests_data/mitra/gif87.gif: GIF image data (image)
tests_data/mitra/gif89.gif: GIF image data (image)
tests_data/mitra/gzip.gz: gzip compressed data (archive)
tests_data/mitra/hello-gnu.tar: POSIX tar archive (archive)
tests_data/mitra/hello-pax.tar: POSIX tar archive (archive)
tests_data/mitra/hello-ustar.tar: POSIX tar archive (archive)
tests_data/mitra/hello-world.xar: XAR archive compressed data (archive)
tests_data/mitra/html.htm: HTML document (code)
tests_data/mitra/id3v1.mp3: MP3 media file (audio)
tests_data/mitra/id3v2.mp3: MP3 media file (audio)
tests_data/mitra/implode.zip: Zip archive data (archive)
tests_data/mitra/implodeV3.zip: Zip archive data (archive)
tests_data/mitra/iso.iso: ISO 9660 CD-ROM filesystem data (archive)
tests_data/mitra/java.class: Java compiled bytecode (executable)
tests_data/mitra/jpeg.zip: Zip archive data (archive)
tests_data/mitra/jpg.jpg: JPEG image data (image)
tests_data/mitra/lzma.zip: Zip archive data (archive)
tests_data/mitra/mini.xar: XAR archive compressed data (archive)
tests_data/mitra/mini.zip: Zip archive data (archive)
tests_data/mitra/mp4.mp4: MP4 media file (video)
tests_data/mitra/pcap.pcap: pcap capture file (application)
tests_data/mitra/pcapng.pcapng: pcap capture file (application)
tests_data/mitra/pdf.pdf: PDF document (document)
tests_data/mitra/pe32.exe: PE executable (executable)
tests_data/mitra/pe64.exe: PE executable (executable)
tests_data/mitra/php.php: PHP source (code)
tests_data/mitra/png.png: PNG image data (image)
tests_data/mitra/rar4.rar: RAR archive data (archive)
tests_data/mitra/rar5.rar: RAR archive data (archive)
tests_data/mitra/reduced1.zip: Zip archive data (archive)
tests_data/mitra/reduced2.zip: Zip archive data (archive)
tests_data/mitra/reduced3.zip: Zip archive data (archive)
tests_data/mitra/reduced4.zip: Zip archive data (archive)
tests_data/mitra/rich.rtf: Rich Text Format document (text)
tests_data/mitra/riff.wav: Waveform Audio file (WAV) (audio)
tests_data/mitra/rifx.wav: Waveform Audio file (WAV) (audio)
tests_data/mitra/shrunk.zip: Zip archive data (archive)
tests_data/mitra/simple.zip: Zip archive data (archive)
tests_data/mitra/store.zip: Zip archive data (archive)
tests_data/mitra/svg.svg: SVG Scalable Vector Graphics image data (image)
tests_data/mitra/tar.tar: POSIX tar archive (archive)
tests_data/mitra/tiff-be.tif: TIFF image data (image)
tests_data/mitra/tiff-le.tif: TIFF image data (image)
tests_data/mitra/tiny.flac: FLAC audio bitstream data (audio)
tests_data/mitra/unicode.zip: Zip archive data (archive)
tests_data/mitra/unicode2.zip: Zip archive data (archive)
tests_data/mitra/unix.zip: Zip archive data (archive)
tests_data/mitra/unixdesc.zip: Zip archive data (archive)
tests_data/mitra/volumecomment.zip: Zip archive data (archive)
tests_data/mitra/vorbis.ogg: Ogg data (audio)
tests_data/mitra/wavpack.zip: Zip archive data (archive)
tests_data/mitra/webm.webm: WebM data (video)
tests_data/mitra/webp.webp: WebP data (image)
tests_data/mitra/webpl.webp: WebP data (image)
tests_data/mitra/xz.xz: XZ compressed data (archive)
tests_data/mitra/zip.zip: Zip archive data (archive)
tests_data/mitra/zip64.zip: Zip archive data (archive)
tests_data/mitra/zipcrypto.zip: Zip archive data (archive)
tests_data/mitra/zopfli.zip: Zip archive data (archive)
