[
  {
    "path": "tests_data/basic/code.asm",
    "dl": {
      "ct_label": "asm",
      "score": 1.0,
      "group": "code",
      "mime_type": "text/x-asm",
      "magic": "assembler source",
      "description": "Assembly"
    },
    "output": {
      "ct_label": "asm",
      "score": 1.0,
      "group": "code",
      "mime_type": "text/x-asm",
      "magic": "assembler source",
      "description": "Assembly"
    }
  },
  {
    "path": "tests_data/basic/code.c",
    "dl": {
      "ct_label": "c",
      "score": 0.999,
      "group": "code",
      "mime_type": "text/x-c",
      "magic": "C source",
      "description": "C source"
    },
    "output": {
      "ct_label": "c",
      "score": 0.999,
      "group": "code",
      "mime_type": "text/x-c",
      "magic": "C source",
      "description": "C source"
    }
  },
  {
    "path": "tests_data/basic/code.css",
    "dl": {
      "ct_label": "css",
      "score": 0.999,
      "group": "code",
      "mime_type": "text/css",
      "magic": "ASCII text",
      "description": "CSS source"
    },
    "output": {
      "ct_label": "css",
      "score": 0.999,
      "group": "code",
      "mime_type": "text/css",
      "magic": "ASCII text",
      "description": "CSS source"
    }
  },
  {
    "path": "tests_data/basic/code.js",
    "dl": {
      "ct_label": "javascript",
      "score": 0.999,
      "group": "code",
      "mime_type": "application/javascript",
      "magic": "JavaScript source",
      "description": "JavaScript source"
    },
    "output": {
      "ct_label": "javascript",
      "score": 0.999,
      "group": "code",
      "mime_type": "application/javascript",
      "magic": "JavaScript source",
      "description": "JavaScript source"
    }
  },
  {
    "path": "tests_data/basic/code.py",
    "dl": {
      "ct_label": "python",
      "score": 0.994,
      "group": "code",
      "mime_type": "text/x-python",
      "magic": "Python script",
      "description": "Python source"
    },
    "output": {
      "ct_label": "python",
      "score": 0.994,
      "group": "code",
      "mime_type": "text/x-python",
      "magic": "Python script",
      "description": "Python source"
    }
  },
  {
    "path": "tests_data/basic/code.rs",
    "dl": {
      "ct_label": "rust",
      "score": 1.0,
      "group": "code",
      "mime_type": "application/x-rust",
      "magic": "ASCII text",
      "description": "Rust source"
    },
    "output": {
      "ct_label": "rust",
      "score": 1.0,
      "group": "code",
      "mime_type": "application/x-rust",
      "magic": "ASCII text",
      "description": "Rust source"
    }
  },
  {
    "path": "tests_data/basic/code.smali",
    "dl": {
      "ct_label": "smali",
      "score": 1.0,
      "group": "code",
      "mime_type": "application/x-smali",
      "magic": "ASCII text",
      "description": "Smali source"
    },
    "output": {
      "ct_label": "smali",
      "score": 1.0,
      "group": "code",
      "mime_type": "application/x-smali",
      "magic": "ASCII text",
      "description": "Smali source"
    }
  },
  {
    "path": "tests_data/basic/doc.docx",
    "dl": {
      "ct_label": "docx",
      "score": 0.999,
      "group": "document",
      "mime_type": "application/vnd.openxmlformats-officedocument.wordprocessingml.document",
      "magic": "Microsoft Word 2007+",
      "description": "Microsoft Word 2007+ document"
    },
    "output": {
      "ct_label": "docx",
      "score": 0.999,
      "group": "document",
      "mime_type": "application/vnd.openxmlformats-officedocument.wordprocessingml.document",
      "magic": "Microsoft Word 2007+",
      "description": "Microsoft Word 2007+ document"
    }
  },
  {
    "path": "tests_data/basic/doc.epub",
    "dl": {
      "ct_label": "epub",
      "score": 0.999,
      "group": "document",
      "mime_type": "application/epub+zip",
      "magic": "EPUB document",
      "description": "EPUB document"
    },
    "output": {
      "ct_label": "epub",
      "score": 0.999,
      "group": "document",
      "mime_type": "application/epub+zip",
      "magic": "EPUB document",
      "description": "EPUB document"
    }
  },
  {
    "path": "tests_data/basic/doc.html",
    "dl": {
      "ct_label": "html",
      "score": 0.966,
      "group": "code",
      "mime_type": "text/html",
      "magic": "HTML document",
      "description": "HTML document"
    },
    "output": {
      "ct_label": "html",
      "score": 0.966,
      "group": "code",
      "mime_type": "text/html",
      "magic": "HTML document",
      "description": "HTML document"
    }
  },
  {
    "path": "tests_data/basic/doc.ini",
    "dl": {
      "ct_label": "ini",
      "score": 0.999,
      "group": "text",
      "mime_type": "text/plain",
      "magic": "Generic INItialization configuration",
      "description": "INI configuration file"
    },
    "output": {
      "ct_label": "ini",
      "score": 0.999,
      "group": "text",
      "mime_type": "text/plain",
      "magic": "Generic INItialization configuration",
      "description": "INI configuration file"
    }
  },
  {
    "path": "tests_data/basic/doc.json",
    "dl": {
      "ct_label": "json",
      "score": 0.997,
      "group": "code",
      "mime_type": "application/json",
      "magic": "JSON data",
      "description": "JSON document"
    },
    "output": {
      "ct_label": "json",
      "score": 0.997,
      "group": "code",
      "mime_type": "application/json",
      "magic": "JSON data",
      "description": "JSON document"
    }
  },
  {
    "path": "tests_data/basic/doc.odt",
    "dl": {
      "ct_label": "odt",
      "score": 1.0,
      "group": "document",
      "mime_type": "application/vnd.oasis.opendocument.text",
      "magic": "OpenDocument Text",
      "description": "OpenDocument Text"
    },
    "output": {
      "ct_label": "odt",
      "score": 1.0,
      "group": "document",
      "mime_type": "application/vnd.oasis.opendocument.text",
      "magic": "OpenDocument Text",
      "description": "OpenDocument Text"
    }
  },
  {
    "path": "tests_data/basic/doc.pem",
    "dl": {
      "ct_label": "pem",
      "score": 0.999,
      "group": "application",
      "mime_type": "application/x-pem-file",
      "magic": "PEM certificate",
      "description": "PEM certificate"
    },
    "output": {
      "ct_label": "pem",
      "score": 0.999,
      "group": "application",
      "mime_type": "application/x-pem-file",
      "magic": "PEM certificate",
      "description": "PEM certificate"
    }
  },
  {
    "path": "tests_data/basic/doc.pub",
    "dl": {
      "ct_label": "pem",
      "score": 0.999,
      "group": "application",
      "mime_type": "application/x-pem-file",
      "magic": "PEM certificate",
      "description": "PEM certificate"
    },
    "output": {
      "ct_label": "pem",
      "score": 0.999,
      "group": "application",
      "mime_type": "application/x-pem-file",
      "magic": "PEM certificate",
      "description": "PEM certificate"
    }
  },
  {
    "path": "tests_data/basic/doc.rtf",
    "dl": {
      "ct_label": "rtf",
      "score": 0.999,
      "group": "text",
      "mime_type": "text/rtf",
      "magic": "Rich Text Format data",
      "description": "Rich Text Format document"
    },
    "output": {
      "ct_label": "rtf",
      "score": 0.999,
      "group": "text",
      "mime_type": "text/rtf",
      "magic": "Rich Text Format data",
      "description": "Rich Text Format document"
    }
  },
  {
    "path": "tests_data/basic/text.txt",
    "dl": {
      "ct_label": "txt",
      "score": 0.881,
      "group": "text",
      "mime_type": "text/plain",
      "magic": "ASCII text",
      "description": "Generic text document"
    },
    "output": {
      "ct_label": "txt",
      "score": 0.881,
      "group": "text",
      "mime_type": "text/plain",
      "magic": "ASCII text",
      "description": "Generic text document"
    }
  },
  {
    "path": "tests_data/mitra/7-zip.7z",
    "dl": {
      "ct_label": "sevenzip",
      "score": 1.0,
      "group": "archive",
      "mime_type": "application/x-7z-compressed",
      "magic": "7-zip archive data",
      "description": "7-zip archive data"
    },
    "output": {
      "ct_label": "sevenzip",
      "score": 1.0,
      "group": "archive",
      "mime_type": "application/x-7z-compressed",
      "magic": "7-zip archive data",
      "description": "7-zip archive data"
    }
  },
  {
    "path": "tests_data/mitra/NT.zip",
    "dl": {
      "ct_label": "zip",
      "score": 0.999,
      "group": "archive",
      "mime_type": "application/zip",
      "magic": "Zip archive data",
      "description": "Zip archive data"
    },
    "output": {
      "ct_label": "zip",
      "score": 0.999,
      "group": "archive",
      "mime_type": "application/zip",
      "magic": "Zip archive data",
      "description": "Zip archive data"
    }
  },
  {
    "path": "tests_data/mitra/NTFS.zip",
    "dl": {
      "ct_label": "zip",
      "score": 0.999,
      "group": "archive",
      "mime_type": "application/zip",
      "magic": "Zip archive data",
      "description": "Zip archive data"
    },
    "output": {
      "ct_label": "zip",
      "score": 0.999,
      "group": "archive",
      "mime_type": "application/zip",
      "magic": "Zip archive data",
      "description": "Zip archive data"
    }
  },
  {
    "path": "tests_data/mitra/PPMd.zip",
    "dl": {
      "ct_label": "zip",
      "score": 0.999,
      "group": "archive",
      "mime_type": "application/zip",
      "magic": "Zip archive data",
      "description": "Zip archive data"
    },
    "output": {
      "ct_label": "zip",
      "score": 0.999,
      "group": "archive",
      "mime_type": "application/zip",
      "magic": "Zip archive data",
      "description": "Zip archive data"
    }
  },
  {
    "path": "tests_data/mitra/aes.zip",
    "dl": {
      "ct_label": "zip",
      "score": 0.999,
      "group": "archive",
      "mime_type": "application/zip",
      "magic": "Zip archive data",
      "description": "Zip archive data"
    },
    "output": {
      "ct_label": "zip",
      "score": 0.999,
      "group": "archive",
      "mime_type": "application/zip",
      "magic": "Zip archive data",
      "description": "Zip archive data"
    }
  },
  {
    "path": "tests_data/mitra/bmp.bmp",
    "dl": {
      "ct_label": "bmp",
      "score": 0.999,
      "group": "image",
      "mime_type": "image/bmp",
      "magic": "PC bitmap",
      "description": "BMP image data"
    },
    "output": {
      "ct_label": "bmp",
      "score": 0.999,
      "group": "image",
      "mime_type": "image/bmp",
      "magic": "PC bitmap",
      "description": "BMP image data"
    }
  },
  {
    "path": "tests_data/mitra/bz2.zip",
    "dl": {
      "ct_label": "zip",
      "score": 0.999,
      "group": "archive",
      "mime_type": "application/zip",
      "magic": "Zip archive data",
      "description": "Zip archive data"
    },
    "output": {
      "ct_label": "zip",
      "score": 0.999,
      "group": "archive",
      "mime_type": "application/zip",
      "magic": "Zip archive data",
      "description": "Zip archive data"
    }
  },
  {
    "path": "tests_data/mitra/bzip2.bz2",
    "dl": {
      "ct_label": "bzip",
      "score": 1.0,
      "group": "archive",
      "mime_type": "application/x-bzip2",
      "magic": "bzip2 compressed data",
      "description": "bzip2 compressed data"
    },
    "output": {
      "ct_label": "bzip",
      "score": 1.0,
      "group": "archive",
      "mime_type": "application/x-bzip2",
      "magic": "bzip2 compressed data",
      "description": "bzip2 compressed data"
    }
  },
  {
    "path": "tests_data/mitra/cab.cab",
    "dl": {
      "ct_label": "cab",
      "score": 1.0,
      "group": "archive",
      "mime_type": "application/vnd.ms-cab-compressed",
      "magic": "Microsoft Cabinet archive data",
      "description": "Microsoft Cabinet archive data"
    },
    "output": {
      "ct_label": "cab",
      "score": 1.0,
      "group": "archive",
      "mime_type": "application/vnd.ms-cab-compressed",
      "magic": "Microsoft Cabinet archive data",
      "description": "Microsoft Cabinet archive data"
    }
  },
  {
    "path": "tests_data/mitra/cgbi.png",
    "dl": {
      "ct_label": "png",
      "score": 1.0,
      "group": "image",
      "mime_type": "image/png",
      "magic": "PNG image data",
      "description": "PNG image data"
    },
    "output": {
      "ct_label": "png",
      "score": 1.0,
      "group": "image",
      "mime_type": "image/png",
      "magic": "PNG image data",
      "description": "PNG image data"
    }
  },
  {
    "path": "tests_data/mitra/deflate64.zip",
    "dl": {
      "ct_label": "zip",
      "score": 0.999,
      "group": "archive",
      "mime_type": "application/zip",
      "magic": "Zip archive data",
      "description": "Zip archive data"
    },
    "output": {
      "ct_label": "zip",
      "score": 0.999,
      "group": "archive",
      "mime_type": "application/zip",
      "magic": "Zip archive data",
      "description": "Zip archive data"
    }
  },
  {
    "path": "tests_data/mitra/directory.zip",
    "dl": {
      "ct_label": "zip",
      "score": 0.999,
      "group": "archive",
      "mime_type": "application/zip",
      "magic": "Zip archive data",
      "description": "Zip archive data"
    },
    "output": {
      "ct_label": "zip",
      "score": 0.999,
      "group": "archive",
      "mime_type": "application/zip",
      "magic": "Zip archive data",
      "description": "Zip archive data"
    }
  },
  {
    "path": "tests_data/mitra/drive.zip",
    "dl": {
      "ct_label": "zip",
      "score": 0.999,
      "group": "archive",
      "mime_type": "application/zip",
      "magic": "Zip archive data",
      "description": "Zip archive data"
    },
    "output": {
      "ct_label": "zip",
      "score": 0.999,
      "group": "archive",
      "mime_type": "application/zip",
      "magic": "Zip archive data",
      "description": "Zip archive data"
    }
  },
  {
    "path": "tests_data/mitra/dual.zip",
    "dl": {
      "ct_label": "zip",
      "score": 0.999,
      "group": "archive",
      "mime_type": "application/zip",
      "magic": "Zip archive data",
      "description": "Zip archive data"
    },
    "output": {
      "ct_label": "zip",
      "score": 0.999,
      "group": "archive",
      "mime_type": "application/zip",
      "magic": "Zip archive data",
      "description": "Zip archive data"
    }
  },
  {
    "path": "tests_data/mitra/elf.elf",
    "dl": {
      "ct_label": "elf",
      "score": 1.0,
      "group": "executable",
      "mime_type": "application/x-executable-elf",
      "magic": "ELF executable",
      "description": "ELF executable"
    },
    "output": {
      "ct_label": "elf",
      "score": 1.0,
      "group": "executable",
      "mime_type": "application/x-executable-elf",
      "magic": "ELF executable",
      "description": "ELF executable"
    }
  },
  {
    "path": "tests_data/mitra/elf64.elf",
    "dl": {
      "ct_label": "elf",
      "score": 1.0,
      "group": "executable",
      "mime_type": "application/x-executable-elf",
      "magic": "ELF executable",
      "description": "ELF executable"
    },
    "output": {
      "ct_label": "elf",
      "score": 1.0,
      "group": "executable",
      "mime_type": "application/x-executable-elf",
      "magic": "ELF executable",
      "description": "ELF executable"
    }
  },
  {
    "path": "tests_data/mitra/filecomment.zip",
    "dl": {
      "ct_label": "zip",
      "score": 0.999,
      "group": "archive",
      "mime_type": "application/zip",
      "magic": "Zip archive data",
      "description": "Zip archive data"
    },
    "output": {
      "ct_label": "zip",
      "score": 0.999,
      "group": "archive",
      "mime_type": "application/zip",
      "magic": "Zip archive data",
      "description": "Zip archive data"
    }
  },
  {
    "path": "tests_data/mitra/flac.flac",
    "dl": {
      "ct_label": "flac",
      "score": 1.0,
      "group": "audio",
      "mime_type": "audio/flac",
      "magic": "FLAC audio bitstream data",
      "description": "FLAC audio bitstream data"
    },
    "output": {
      "ct_label": "flac",
      "score": 1.0,
      "group": "audio",
      "mime_type": "audio/flac",
      "magic": "FLAC audio bitstream data",
      "description": "FLAC audio bitstream data"
    }
  },
  {
    "path": "tests_data/mitra/footer.tga",
    "dl": {
      "ct_label": "tga",
      "score": 1.0,
      "group": "image",
      "mime_type": "image/x-tga",
      "magic": "Targa image data",
      "description": "Targa image data"
    },
    "output": {
      "ct_label": "tga",
      "score": 1.0,
      "group": "image",
      "mime_type": "image/x-tga",
      "magic": "Targa image data",
      "description": "Targa image data"
    }
  },
  {
    "path": "tests_data/mitra/gif87.gif",
    "dl": {
      "ct_label": "gif",
      "score": 1.0,
      "group": "image",
      "mime_type": "image/gif",
      "magic": "GIF image data",
      "description": "GIF image data"
    },
    "output": {
      "ct_label": "gif",
      "score": 1.0,
      "group": "image",
      "mime_type": "image/gif",
      "magic": "GIF image data",
      "description": "GIF image data"
    }
  },
  {
    "path": "tests_data/mitra/gif89.gif",
    "dl": {
      "ct_label": "gif",
      "score": 1.0,
      "group": "image",
      "mime_type": "image/gif",
      "magic": "GIF image data",
      "description": "GIF image data"
    },
    "output": {
      "ct_label": "gif",
      "score": 1.0,
      "group": "image",
      "mime_type": "image/gif",
      "magic": "GIF image data",
      "description": "GIF image data"
    }
  },
  {
    "path": "tests_data/mitra/gzip.gz",
    "dl": {
      "ct_label": "gzip",
      "score": 1.0,
      "group": "archive",
      "mime_type": "application/gzip",
      "magic": "gzip compressed data",
      "description": "gzip compressed data"
    },
    "output": {
      "ct_label": "gzip",
      "score": 1.0,
      "group": "archive",
      "mime_type": "application/gzip",
      "magic": "gzip compressed data",
      "description": "gzip compressed data"
    }
  },
  {
    "path": "tests_data/mitra/hello-gnu.tar",
    "dl": {
      "ct_label": "tar",
      "score": 1.0,
      "group": "archive",
      "mime_type": "application/x-tar",
      "magic": "POSIX tar archive",
      "description": "POSIX tar archive"
    },
    "output": {
      "ct_label": "tar",
      "score": 1.0,
      "group": "archive",
      "mime_type": "application/x-tar",
      "magic": "POSIX tar archive",
      "description": "POSIX tar archive"
    }
  },
  {
    "path": "tests_data/mitra/hello-pax.tar",
    "dl": {
      "ct_label": "tar",
      "score": 1.0,
      "group": "archive",
      "mime_type": "application/x-tar",
      "magic": "POSIX tar archive",
      "description": "POSIX tar archive"
    },
    "output": {
      "ct_label": "tar",
      "score": 1.0,
      "group": "archive",
      "mime_type": "application/x-tar",
      "magic": "POSIX tar archive",
      "description": "POSIX tar archive"
    }
  },
  {
    "path": "tests_data/mitra/hello-ustar.tar",
    "dl": {
      "ct_label": "tar",
      "score": 1.0,
      "group": "archive",
      "mime_type": "application/x-tar",
      "magic": "POSIX tar archive",
      "description": "POSIX tar archive"
    },
    "output": {
      "ct_label": "tar",
      "score": 1.0,
      "group": "archive",
      "mime_type": "application/x-tar",
      "magic": "POSIX tar archive",
      "description": "POSIX tar archive"
    }
  },
  {
    "path": "tests_data/mitra/hello-world.xar",
    "dl": {
      "ct_label": "xar",
      "score": 1.0,
      "group": "archive",
      "mime_type": "application/x-xar",
      "magic": "xar archive compressed",
      "description": "XAR archive compressed data"
    },
    "output": {
      "ct_label": "xar",
      "score": 1.0,
      "group": "archive",
      "mime_type": "application/x-xar",
      "magic": "xar archive compressed",
      "description": "XAR archive compressed data"
    }
  },
  {
    "path": "tests_data/mitra/html.htm",
    "dl": {
      "ct_label": "html",
      "score": 0.856,
      "group": "code",
      "mime_type": "text/html",
      "magic": "HTML document",
      "description": "HTML document"
    },
    "output": {
      "ct_label": "html",
      "score": 0.856,
      "group": "code",
      "mime_type": "text/html",
      "magic": "HTML document",
      "description": "HTML document"
    }
  },
  {
    "path": "tests_data/mitra/id3v1.mp3",
    "dl": {
      "ct_label": "mp3",
      "score": 1.0,
      "group": "audio",
      "mime_type": "audio/mpeg",
      "magic": "Audio file with ID3",
      "description": "MP3 media file"
    },
    "output": {
      "ct_label": "mp3",
      "score": 1.0,
      "group": "audio",
      "mime_type": "audio/mpeg",
      "magic": "Audio file with ID3",
      "description": "MP3 media file"
    }
  },
  {
    "path": "tests_data/mitra/id3v2.mp3",
    "dl": {
      "ct_label": "mp3",
      "score": 1.0,
      "group": "audio",
      "mime_type": "audio/mpeg",
      "magic": "Audio file with ID3",
      "description": "MP3 media file"
    },
    "output": {
      "ct_label": "mp3",
      "score": 1.0,
      "group": "audio",
      "mime_type": "audio/mpeg",
      "magic": "Audio file with ID3",
      "description": "MP3 media file"
    }
  },
  {
    "path": "tests_data/mitra/implode.zip",
    "dl": {
      "ct_label": "zip",
      "score": 0.999,
      "group": "archive",
      "mime_type": "application/zip",
      "magic": "Zip archive data",
      "description": "Zip archive data"
    },
    "output": {
      "ct_label": "zip",
      "score": 0.999,
      "group": "archive",
      "mime_type": "application/zip",
      "magic": "Zip archive data",
      "description": "Zip archive data"
    }
  },
  {
    "path": "tests_data/mitra/implodeV3.zip",
    "dl": {
      "ct_label": "zip",
      "score": 0.999,
      "group": "archive",
      "mime_type": "application/zip",
      "magic": "Zip archive data",
      "description": "Zip archive data"
    },
    "output": {
      "ct_label": "zip",
      "score": 0.999,
      "group": "archive",
      "mime_type": "application/zip",
      "magic": "Zip archive data",
      "description": "Zip archive data"
    }
  },
  {
    "path": "tests_data/mitra/iso.iso",
    "dl": {
      "ct_label": "iso",
      "score": 0.999,
      "group": "archive",
      "mime_type": "application/x-iso9660-image",
      "magic": "ISO 9660 CD-ROM filesystem data",
      "description": "ISO 9660 CD-ROM filesystem data"
    },
    "output": {
      "ct_label": "iso",
      "score": 0.999,
      "group": "archive",
      "mime_type": "application/x-iso9660-image",
      "magic": "ISO 9660 CD-ROM filesystem data",
      "description": "ISO 9660 CD-ROM filesystem data"
    }
  },
  {
    "path": "tests_data/mitra/java.class",
    "dl": {
      "ct_label": "javabytecode",
      "score": 1.0,
      "group": "executable",
      "mime_type": "application/x-java-applet",
      "magic": "compiled Java class data",
      "description": "Java compiled bytecode"
    },
    "output": {
      "ct_label": "javabytecode",
      "score": 1.0,
      "group": "executable",
      "mime_type": "application/x-java-applet",
      "magic": "compiled Java class data",
      "description": "Java compiled bytecode"
    }
  },
  {
    "path": "tests_data/mitra/jpeg.zip",
    "dl": {
      "ct_label": "zip",
      "score": 0.999,
      "group": "archive",
      "mime_type": "application/zip",
      "magic": "Zip archive data",
      "description": "Zip archive data"
    },
    "output": {
      "ct_label": "zip",
      "score": 0.999,
      "group": "archive",
      "mime_type": "application/zip",
      "magic": "Zip archive data",
      "description": "Zip archive data"
    }
  },
  {
    "path": "tests_data/mitra/jpg.jpg",
    "dl": {
      "ct_label": "jpeg",
      "score": 0.999,
      "group": "image",
      "mime_type": "image/jpeg",
      "magic": "JPEG image data",
      "description": "JPEG image data"
    },
    "output": {
      "ct_label": "jpeg",
      "score": 0.999,
      "group": "image",
      "mime_type": "image/jpeg",
      "magic": "JPEG image data",
      "description": "JPEG image data"
    }
  },
  {
    "path": "tests_data/mitra/lzma.zip",
    "dl": {
      "ct_label": "zip",
      "score": 0.999,
      "group": "archive",
      "mime_type": "application/zip",
      "magic": "Zip archive data",
      "description": "Zip archive data"
    },
    "output": {
      "ct_label": "zip",
      "score": 0.999,
      "group": "archive",
      "mime_type": "application/zip",
      "magic": "Zip archive data",
      "description": "Zip archive data"
    }
  },
  {
    "path": "tests_data/mitra/mini.xar",
    "dl": {
      "ct_label": "xar",
      "score": 1.0,
      "group": "archive",
      "mime_type": "application/x-xar",
      "magic": "xar archive compressed",
      "description": "XAR archive compressed data"
    },
    "output": {
      "ct_label": "xar",
      "score": 1.0,
      "group": "archive",
      "mime_type": "application/x-xar",
      "magic": "xar archive compressed",
      "description": "XAR archive compressed data"
    }
  },
  {
    "path": "tests_data/mitra/mini.zip",
    "dl": {
      "ct_label": "zip",
      "score": 0.999,
      "group": "archive",
      "mime_type": "application/zip",
      "magic": "Zip archive data",
      "description": "Zip archive data"
    },
    "output": {
      "ct_label": "zip",
      "score": 0.999,
      "group": "archive",
      "mime_type": "application/zip",
      "magic": "Zip archive data",
      "description": "Zip archive data"
    }
  },
  {
    "path": "tests_data/mitra/mp4.mp4",
    "dl": {
      "ct_label": "mp4",
      "score": 1.0,
      "group": "video",
      "mime_type": "video/mp4",
      "magic": "ISO Media",
      "description": "MP4 media file"
    },
    "output": {
      "ct_label": "mp4",
      "score": 1.0,
      "group": "video",
      "mime_type": "video/mp4",
      "magic": "ISO Media",
      "description": "MP4 media file"
    }
  },
  {
    "path": "tests_data/mitra/pcap.pcap",
    "dl": {
      "ct_label": "pcap",
      "score": 1.0,
      "group": "application",
      "mime_type": "application/vnd.tcpdump.pcap",
      "magic": "pcap capture file",
      "description": "pcap capture file"
    },
    "output": {
      "ct_label": "pcap",
      "score": 1.0,
      "group": "application",
      "mime_type": "application/vnd.tcpdump.pcap",
      "magic": "pcap capture file",
      "description": "pcap capture file"
    }
  },
  {
    "path": "tests_data/mitra/pcapng.pcapng",
    "dl": {
      "ct_label": "pcap",
      "score": 1.0,
      "group": "application",
      "mime_type": "application/vnd.tcpdump.pcap",
      "magic": "pcap capture file",
      "description": "pcap capture file"
    },
    "output": {
      "ct_label": "pcap",
      "score": 1.0,
      "group": "application",
      "mime_type": "application/vnd.tcpdump.pcap",
      "magic": "pcap capture file",
      "description": "pcap capture file"
    }
  },
  {
    "path": "tests_data/mitra/pdf.pdf",
    "dl": {
      "ct_label": "pdf",
      "score": 0.999,
      "group": "document",
      "mime_type": "application/pdf",
      "magic": "PDF document",
      "description": "PDF document"
    },
    "output": {
      "ct_label": "pdf",
      "score": 0.999,
      "group": "document",
      "mime_type": "application/pdf",
      "magic": "PDF document",
      "description": "PDF document"
    }
  },
  {
    "path": "tests_data/mitra/pe32.exe",
    "dl": {
      "ct_label": "pebin",
      "score": 1.0,
      "group": "executable",
      "mime_type": "application/x-dosexec",
      "magic": "PE executable",
      "description": "PE executable"
    },
    "output": {
      "ct_label": "pebin",
      "score": 1.0,
      "group": "executable",
      "mime_type": "application/x-dosexec",
      "magic": "PE executable",
      "description": "PE executable"
    }
  },
  {
    "path": "tests_data/mitra/pe64.exe",
    "dl": {
      "ct_label": "pebin",
      "score": 1.0,
      "group": "executable",
      "mime_type": "application/x-dosexec",
      "magic": "PE executable",
      "description": "PE executable"
    },
    "output": {
      "ct_label": "pebin",
      "score": 1.0,
      "group": "executable",
      "mime_type": "application/x-dosexec",
      "magic": "PE executable",
      "description": "PE executable"
    }
  },
  {
    "path": "tests_data/mitra/php.php",
    "dl": {
      "ct_label": "php",
      "score": 0.993,
      "group": "code",
      "mime_type": "text/x-php",
      "magic": "PHP script",
      "description": "PHP source"
    },
    "output": {
      "ct_label": "php",
      "score": 0.993,
      "group": "code",
      "mime_type": "text/x-php",
      "magic": "PHP script",
      "description": "PHP source"
    }
  },
  {
    "path": "tests_data/mitra/png.png",
    "dl": {
      "ct_label": "png",
      "score": 1.0,
      "group": "image",
      "mime_type": "image/png",
      "magic": "PNG image data",
      "description": "PNG image data"
    },
    "output": {
      "ct_label": "png",
      "score": 1.0,
      "group": "image",
      "mime_type": "image/png",
      "magic": "PNG image data",
      "description": "PNG image data"
    }
  },
  {
    "path": "tests_data/mitra/rar4.rar",
    "dl": {
      "ct_label": "rar",
      "score": 1.0,
      "group": "archive",
      "mime_type": "application/x-rar",
      "magic": "RAR archive data",
      "description": "RAR archive data"
    },
    "output": {
      "ct_label": "rar",
      "score": 1.0,
      "group": "archive",
      "mime_type": "application/x-rar",
      "magic": "RAR archive data",
      "description": "RAR archive data"
    }
  },
  {
    "path": "tests_data/mitra/rar5.rar",
    "dl": {
      "ct_label": "rar",
      "score": 1.0,
      "group": "archive",
      "mime_type": "application/x-rar",
      "magic": "RAR archive data",
      "description": "RAR archive data"
    },
    "output": {
      "ct_label": "rar",
      "score": 1.0,
      "group": "archive",
      "mime_type": "application/x-rar",
      "magic": "RAR archive data",
      "description": "RAR archive data"
    }
  },
  {
    "path": "tests_data/mitra/reduced1.zip",
    "dl": {
      "ct_label": "zip",
      "score": 0.999,
      "group": "archive",
      "mime_type": "application/zip",
      "magic": "Zip archive data",
      "description": "Zip archive data"
    },
    "output": {
      "ct_label": "zip",
      "score": 0.999,
      "group": "archive",
      "mime_type": "application/zip",
      "magic": "Zip archive data",
      "description": "Zip archive data"
    }
  },
  {
    "path": "tests_data/mitra/reduced2.zip",
    "dl": {
      "ct_label": "zip",
      "score": 0.999,
      "group": "archive",
      "mime_type": "application/zip",
      "magic": "Zip archive data",
      "description": "Zip archive data"
    },
    "output": {
      "ct_label": "zip",
      "score": 0.999,
      "group": "archive",
      "mime_type": "application/zip",
      "magic": "Zip archive data",
      "description": "Zip archive data"
    }
  },
  {
    "path": "tests_data/mitra/reduced3.zip",
    "dl": {
      "ct_label": "zip",
      "score": 0.999,
      "group": "archive",
      "mime_type": "application/zip",
      "magic": "Zip archive data",
      "description": "Zip archive data"
    },
    "output": {
      "ct_label": "zip",
      "score": 0.999,
      "group": "archive",
      "mime_type": "application/zip",
      "magic": "Zip archive data",
      "description": "Zip archive data"
    }
  },
  {
    "path": "tests_data/mitra/reduced4.zip",
    "dl": {
      "ct_label": "zip",
      "score": 0.999,
      "group": "archive",
      "mime_type": "application/zip",
      "magic": "Zip archive data",
      "description": "Zip archive data"
    },
    "output": {
      "ct_label": "zip",
      "score": 0.999,
      "group": "archive",
      "mime_type": "application/zip",
      "magic": "Zip archive data",
      "description": "Zip archive data"
    }
  },
  {
    "path": "tests_data/mitra/rich.rtf",
    "dl": {
      "ct_label": "rtf",
      "score": 1.0,
      "group": "text",
      "mime_type": "text/rtf",
      "magic": "Rich Text Format data",
      "description": "Rich Text Format document"
    },
    "output": {
      "ct_label": "rtf",
      "score": 1.0,
      "group": "text",
      "mime_type": "text/rtf",
      "magic": "Rich Text Format data",
      "description": "Rich Text Format document"
    }
  },
  {
    "path": "tests_data/mitra/riff.wav",
    "dl": {
      "ct_label": "wav",
      "score": 1.0,
      "group": "audio",
      "mime_type": "audio/x-wav",
      "magic": "RIFF data",
      "description": "Waveform Audio file (WAV)"
    },
    "output": {
      "ct_label": "wav",
      "score": 1.0,
      "group": "audio",
      "mime_type": "audio/x-wav",
      "magic": "RIFF data",
      "description": "Waveform Audio file (WAV)"
    }
  },
  {
    "path": "tests_data/mitra/rifx.wav",
    "dl": {
      "ct_label": "wav",
      "score": 0.999,
      "group": "audio",
      "mime_type": "audio/x-wav",
      "magic": "RIFF data",
      "description": "Waveform Audio file (WAV)"
    },
    "output": {
      "ct_label": "wav",
      "score": 0.999,
      "group": "audio",
      "mime_type": "audio/x-wav",
      "magic": "RIFF data",
      "description": "Waveform Audio file (WAV)"
    }
  },
  {
    "path": "tests_data/mitra/shrunk.zip",
    "dl": {
      "ct_label": "zip",
      "score": 0.999,
      "group": "archive",
      "mime_type": "application/zip",
      "magic": "Zip archive data",
      "description": "Zip archive data"
    },
    "output": {
      "ct_label": "zip",
      "score": 0.999,
      "group": "archive",
      "mime_type": "application/zip",
      "magic": "Zip archive data",
      "description": "Zip archive data"
    }
  },
  {
    "path": "tests_data/mitra/simple.zip",
    "dl": {
      "ct_label": "zip",
      "score": 0.999,
      "group": "archive",
      "mime_type": "application/zip",
      "magic": "Zip archive data",
      "description": "Zip archive data"
    },
    "output": {
      "ct_label": "zip",
      "score": 0.999,
      "group": "archive",
      "mime_type": "application/zip",
      "magic": "Zip archive data",
      "description": "Zip archive data"
    }
  },
  {
    "path": "tests_data/mitra/store.zip",
    "dl": {
      "ct_label": "zip",
      "score": 0.999,
      "group": "archive",
      "mime_type": "application/zip",
      "magic": "Zip archive data",
      "description": "Zip archive data"
    },
    "output": {
      "ct_label": "zip",
      "score": 0.999,
      "group": "archive",
      "mime_type": "application/zip",
      "magic": "Zip archive data",
      "description": "Zip archive data"
    }
  },
  {
    "path": "tests_data/mitra/svg.svg",
    "dl": {
      "ct_label": "svg",
      "score": 0.999,
      "group": "image",
      "mime_type": "image/svg+xml",
      "magic": "SVG Scalable Vector Graphics image",
      "description": "SVG Scalable Vector Graphics image data"
    },
    "output": {
      "ct_label": "svg",
      "score": 0.999,
      "group": "image",
      "mime_type": "image/svg+xml",
      "magic": "SVG Scalable Vector Graphics image",
      "description": "SVG Scalable Vector Graphics image data"
    }
  },
  {
    "path": "tests_data/mitra/tar.tar",
    "dl": {
      "ct_label": "tar",
      "score": 1.0,
      "group": "archive",
      "mime_type": "application/x-tar",
      "magic": "POSIX tar archive",
      "description": "POSIX tar archive"
    },
    "output": {
      "ct_label": "tar",
      "score": 1.0,
      "group": "archive",
      "mime_type": "application/x-tar",
      "magic": "POSIX tar archive",
      "description": "POSIX tar archive"
    }
  },
  {
    "path": "tests_data/mitra/tiff-be.tif",
    "dl": {
      "ct_label": "tiff",
      "score": 1.0,
      "group": "image",
      "mime_type": "image/tiff",
      "magic": "TIFF image data",
      "description": "TIFF image data"
    },
    "output": {
      "ct_label": "tiff",
      "score": 1.0,
      "group": "image",
      "mime_type": "image/tiff",
      "magic": "TIFF image data",
      "description": "TIFF image data"
    }
  },
  {
    "path": "tests_data/mitra/tiff-le.tif",
    "dl": {
      "ct_label": "tiff",
      "score": 1.0,
      "group": "image",
      "mime_type": "image/tiff",
      "magic": "TIFF image data",
      "description": "TIFF image data"
    },
    "output": {
      "ct_label": "tiff",
      "score": 1.0,
      "group": "image",
      "mime_type": "image/tiff",
      "magic": "TIFF image data",
      "description": "TIFF image data"
    }
  },
  {
    "path": "tests_data/mitra/tiny.flac",
    "dl": {
      "ct_label": "flac",
      "score": 0.999,
      "group": "audio",
      "mime_type": "audio/flac",
      "magic": "FLAC audio bitstream data",
      "description": "FLAC audio bitstream data"
    },
    "output": {
      "ct_label": "flac",
      "score": 0.999,
      "group": "audio",
      "mime_type": "audio/flac",
      "magic": "FLAC audio bitstream data",
      "description": "FLAC audio bitstream data"
    }
  },
  {
    "path": "tests_data/mitra/unicode.zip",
    "dl": {
      "ct_label": "zip",
      "score": 0.998,
      "group": "archive",
      "mime_type": "application/zip",
      "magic": "Zip archive data",
      "description": "Zip archive data"
    },
    "output": {
      "ct_label": "zip",
      "score": 0.998,
      "group": "archive",
      "mime_type": "application/zip",
      "magic": "Zip archive data",
      "description": "Zip archive data"
    }
  },
  {
    "path": "tests_data/mitra/unicode2.zip",
    "dl": {
      "ct_label": "zip",
      "score": 0.999,
      "group": "archive",
      "mime_type": "application/zip",
      "magic": "Zip archive data",
      "description": "Zip archive data"
    },
    "output": {
      "ct_label": "zip",
      "score": 0.999,
      "group": "archive",
      "mime_type": "application/zip",
      "magic": "Zip archive data",
      "description": "Zip archive data"
    }
  },
  {
    "path": "tests_data/mitra/unix.zip",
    "dl": {
      "ct_label": "zip",
      "score": 0.999,
      "group": "archive",
      "mime_type": "application/zip",
      "magic": "Zip archive data",
      "description": "Zip archive data"
    },
    "output": {
      "ct_label": "zip",
      "score": 0.999,
      "group": "archive",
      "mime_type": "application/zip",
      "magic": "Zip archive data",
      "description": "Zip archive data"
    }
  },
  {
    "path": "tests_data/mitra/unixdesc.zip",
    "dl": {
      "ct_label": "zip",
      "score": 0.999,
      "group": "archive",
      "mime_type": "application/zip",
      "magic": "Zip archive data",
      "description": "Zip archive data"
    },
    "output": {
      "ct_label": "zip",
      "score": 0.999,
      "group": "archive",
      "mime_type": "application/zip",
      "magic": "Zip archive data",
      "description": "Zip archive data"
    }
  },
  {
    "path": "tests_data/mitra/volumecomment.zip",
    "dl": {
      "ct_label": "zip",
      "score": 0.999,
      "group": "archive",
      "mime_type": "application/zip",
      "magic": "Zip archive data",
      "description": "Zip archive data"
    },
    "output": {
      "ct_label": "zip",
      "score": 0.999,
      "group": "archive",
      "mime_type": "application/zip",
      "magic": "Zip archive data",
      "description": "Zip archive data"
    }
  },
  {
    "path": "tests_data/mitra/vorbis.ogg",
    "dl": {
      "ct_label": "ogg",
      "score": 1.0,
      "group": "audio",
      "mime_type": "audio/ogg",
      "magic": "Ogg data",
      "description": "Ogg data"
    },
    "output": {
      "ct_label": "ogg",
      "score": 1.0,
      "group": "audio",
      "mime_type": "audio/ogg",
      "magic": "Ogg data",
      "description": "Ogg data"
    }
  },
  {
    "path": "tests_data/mitra/wavpack.zip",
    "dl": {
      "ct_label": "zip",
      "score": 0.999,
      "group": "archive",
      "mime_type": "application/zip",
      "magic": "Zip archive data",
      "description": "Zip archive data"
    },
    "output": {
      "ct_label": "zip",
      "score": 0.999,
      "group": "archive",
      "mime_type": "application/zip",
      "magic": "Zip archive data",
      "description": "Zip archive data"
    }
  },
  {
    "path": "tests_data/mitra/webm.webm",
    "dl": {
      "ct_label": "webm",
      "score": 1.0,
      "group": "video",
      "mime_type": "video/webm",
      "magic": "WebM",
      "description": "WebM data"
    },
    "output": {
      "ct_label": "webm",
      "score": 1.0,
      "group": "video",
      "mime_type": "video/webm",
      "magic": "WebM",
      "description": "WebM data"
    }
  },
  {
    "path": "tests_data/mitra/webp.webp",
    "dl": {
      "ct_label": "webp",
      "score": 1.0,
      "group": "image",
      "mime_type": "image/webp",
      "magic": "RIFF data",
      "description": "WebP data"
    },
    "output": {
      "ct_label": "webp",
      "score": 1.0,
      "group": "image",
      "mime_type": "image/webp",
      "magic": "RIFF data",
      "description": "WebP data"
    }
  },
  {
    "path": "tests_data/mitra/webpl.webp",
    "dl": {
      "ct_label": "webp",
      "score": 1.0,
      "group": "image",
      "mime_type": "image/webp",
      "magic": "RIFF data",
      "description": "WebP data"
    },
    "output": {
      "ct_label": "webp",
      "score": 1.0,
      "group": "image",
      "mime_type": "image/webp",
      "magic": "RIFF data",
      "description": "WebP data"
    }
  },
  {
    "path": "tests_data/mitra/xz.xz",
    "dl": {
      "ct_label": "xz",
      "score": 1.0,
      "group": "archive",
      "mime_type": "application/x-xz",
      "magic": "XZ compressed data",
      "description": "XZ compressed data"
    },
    "output": {
      "ct_label": "xz",
      "score": 1.0,
      "group": "archive",
      "mime_type": "application/x-xz",
      "magic": "XZ compressed data",
      "description": "XZ compressed data"
    }
  },
  {
    "path": "tests_data/mitra/zip.zip",
    "dl": {
      "ct_label": "zip",
      "score": 0.999,
      "group": "archive",
      "mime_type": "application/zip",
      "magic": "Zip archive data",
      "description": "Zip archive data"
    },
    "output": {
      "ct_label": "zip",
      "score": 0.999,
      "group": "archive",
      "mime_type": "application/zip",
      "magic": "Zip archive data",
      "description": "Zip archive data"
    }
  },
  {
    "path": "tests_data/mitra/zip64.zip",
    "dl": {
      "ct_label": "zip",
      "score": 0.999,
      "group": "archive",
      "mime_type": "application/zip",
      "magic": "Zip archive data",
      "description": "Zip archive data"
    },
    "output": {
      "ct_label": "zip",
      "score": 0.999,
      "group": "archive",
      "mime_type": "application/zip",
      "magic": "Zip archive data",
      "description": "Zip archive data"
    }
  },
  {
    "path": "tests_data/mitra/zipcrypto.zip",
    "dl": {
      "ct_label": "zip",
      "score": 0.999,
      "group": "archive",
      "mime_type": "application/zip",
      "magic": "Zip archive data",
      "description": "Zip archive data"
    },
    "output": {
      "ct_label": "zip",
      "score": 0.999,
      "group": "archive",
      "mime_type": "application/zip",
      "magic": "Zip archive data",
      "description": "Zip archive data"
    }
  },
  {
    "path": "tests_data/mitra/zopfli.zip",
    "dl": {
      "ct_label": "zip",
      "score": 0.999,
      "group": "archive",
      "mime_type": "application/zip",
      "magic": "Zip archive data",
      "description": "Zip archive data"
    },
    "output": {
      "ct_label": "zip",
      "score": 0.999,
      "group": "archive",
      "mime_type": "application/zip",
      "magic": "Zip archive data",
      "description": "Zip archive data"
    }
  }
]
