tests_data/basic/code.asm: text/x-asm 100%
tests_data/basic/code.c: text/x-c 99%
tests_data/basic/code.css: text/css 99%
tests_data/basic/code.js: application/javascript 99%
tests_data/basic/code.py: text/x-python 99%
tests_data/basic/code.rs: application/x-rust 100%
tests_data/basic/code.smali: application/x-smali 100%
tests_data/basic/doc.docx: application/vnd.openxmlformats-officedocument.wordprocessingml.document 99%
tests_data/basic/doc.epub: application/epub+zip 99%
tests_data/basic/doc.html: text/html 96%
tests_data/basic/doc.ini: text/plain 99%
tests_data/basic/doc.json: application/json 99%
tests_data/basic/doc.odt: application/vnd.oasis.opendocument.text 100%
tests_data/basic/doc.pem: application/x-pem-file 99%
tests_data/basic/doc.pub: application/x-pem-file 99%
tests_data/basic/doc.rtf: text/rtf 99%
tests_data/basic/text.txt: text/plain 88%
tests_data/mitra/7-zip.7z: application/x-7z-compressed 100%
tests_data/mitra/NT.zip: application/zip 99%
tests_data/mitra/NTFS.zip: application/zip 99%
tests_data/mitra/PPMd.zip: application/zip 99%
tests_data/mitra/aes.zip: application/zip 99%
tests_data/mitra/bmp.bmp: image/bmp 99%
tests_data/mitra/bz2.zip: application/zip 99%
tests_data/mitra/bzip2.bz2: application/x-bzip2 100%
tests_data/mitra/cab.cab: application/vnd.ms-cab-compressed 100%
tests_data/mitra/cgbi.png: image/png 100%
tests_data/mitra/deflate64.zip: application/zip 99%
tests_data/mitra/directory.zip: application/zip 99%
tests_data/mitra/drive.zip: application/zip 99%
tests_data/mitra/dual.zip: application/zip 99%
tests_data/mitra/elf.elf: application/x-executable-elf 100%
tests_data/mitra/elf64.elf: application/x-executable-elf 100%
tests_data/mitra/filecomment.zip: application/zip 99%
tests_data/mitra/flac.flac: audio/flac 100%
tests_data/mitra/footer.tga: image/x-tga 100%
tests_data/mitra/gif87.gif: image/gif 100%
tests_data/mitra/gif89.gif: image/gif 100%
tests_data/mitra/gzip.gz: application/gzip 100%
tests_data/mitra/hello-gnu.tar: application/x-tar 100%
tests_data/mitra/hello-pax.tar: application/x-tar 100%
tests_data/mitra/hello-ustar.tar: application/x-tar 100%
tests_data/mitra/hello-world.xar: application/x-xar 100%
tests_data/mitra/html.htm: text/html 85%
tests_data/mitra/id3v1.mp3: audio/mpeg 100%
tests_data/mitra/id3v2.mp3: audio/mpeg 100%
tests_data/mitra/implode.zip: application/zip 99%
tests_data/mitra/implodeV3.zip: application/zip 99%
tests_data/mitra/iso.iso: application/x-iso9660-image 99%
tests_data/mitra/java.class: application/x-java-applet 100%
tests_data/mitra/jpeg.zip: application/zip 99%
tests_data/mitra/jpg.jpg: image/jpeg 99%
tests_data/mitra/lzma.zip: application/zip 99%
tests_data/mitra/mini.xar: application/x-xar 100%
tests_data/mitra/mini.zip: application/zip 99%
tests_data/mitra/mp4.mp4: video/mp4 100%
tests_data/mitra/pcap.pcap: application/vnd.tcpdump.pcap 100%
tests_data/mitra/pcapng.pcapng: application/vnd.tcpdump.pcap 100%
tests_data/mitra/pdf.pdf: application/pdf 99%
tests_data/mitra/pe32.exe: application/x-dosexec 100%
tests_data/mitra/pe64.exe: application/x-dosexec 100%
tests_data/mitra/php.php: text/x-php 99%
tests_data/mitra/png.png: image/png 100%
tests_data/mitra/rar4.rar: application/x-rar 100%
tests_data/mitra/rar5.rar: application/x-rar 100%
tests_data/mitra/reduced1.zip: application/zip 99%
tests_data/mitra/reduced2.zip: application/zip 99%
tests_data/mitra/reduced3.zip: application/zip 99%
tests_data/mitra/reduced4.zip: application/zip 99%
tests_data/mitra/rich.rtf: text/rtf 100%
tests_data/mitra/riff.wav: audio/x-wav 100%
tests_data/mitra/rifx.wav: audio/x-wav 99%
tests_data/mitra/shrunk.zip: application/zip 99%
tests_data/mitra/simple.zip: application/zip 99%
tests_data/mitra/store.zip: application/zip 99%
tests_data/mitra/svg.svg: image/svg+xml 99%
tests_data/mitra/tar.tar: application/x-tar 100%
tests_data/mitra/tiff-be.tif: image/tiff 100%
tests_data/mitra/tiff-le.tif: image/tiff 100%
tests_data/mitra/tiny.flac: audio/flac 99%
tests_data/mitra/unicode.zip: application/zip 99%
tests_data/mitra/unicode2.zip: application/zip 99%
tests_data/mitra/unix.zip: application/zip 99%
tests_data/mitra/unixdesc.zip: application/zip 99%
tests_data/mitra/volumecomment.zip: application/zip 99%
tests_data/mitra/vorbis.ogg: audio/ogg 100%
tests_data/mitra/wavpack.zip: application/zip 99%
tests_data/mitra/webm.webm: video/webm 100%
tests_data/mitra/webp.webp: image/webp 100%
tests_data/mitra/webpl.webp: image/webp 100%
tests_data/mitra/xz.xz: application/x-xz 100%
tests_data/mitra/zip.zip: application/zip 99%
tests_data/mitra/zip64.zip: application/zip 99%
tests_data/mitra/zipcrypto.zip: application/zip 99%
tests_data/mitra/zopfli.zip: application/zip 99%
