tests_data/basic/code.asm: text/x-asm
tests_data/basic/code.c: text/x-c
tests_data/basic/code.css: text/css
tests_data/basic/code.js: application/javascript
tests_data/basic/code.py: text/x-python
tests_data/basic/code.rs: application/x-rust
tests_data/basic/code.smali: application/x-smali
tests_data/basic/doc.docx: application/vnd.openxmlformats-officedocument.wordprocessingml.document
tests_data/basic/doc.epub: application/epub+zip
tests_data/basic/doc.html: text/html
tests_data/basic/doc.ini: text/plain
tests_data/basic/doc.json: application/json
tests_data/basic/doc.odt: application/vnd.oasis.opendocument.text
tests_data/basic/doc.pem: application/x-pem-file
tests_data/basic/doc.pub: application/x-pem-file
tests_data/basic/doc.rtf: text/rtf
tests_data/basic/text.txt: text/plain
tests_data/mitra/7-zip.7z: application/x-7z-compressed
tests_data/mitra/NT.zip: application/zip
tests_data/mitra/NTFS.zip: application/zip
tests_data/mitra/PPMd.zip: application/zip
tests_data/mitra/aes.zip: application/zip
tests_data/mitra/bmp.bmp: image/bmp
tests_data/mitra/bz2.zip: application/zip
tests_data/mitra/bzip2.bz2: application/x-bzip2
tests_data/mitra/cab.cab: application/vnd.ms-cab-compressed
tests_data/mitra/cgbi.png: image/png
tests_data/mitra/deflate64.zip: application/zip
tests_data/mitra/directory.zip: application/zip
tests_data/mitra/drive.zip: application/zip
tests_data/mitra/dual.zip: application/zip
tests_data/mitra/elf.elf: application/x-executable-elf
tests_data/mitra/elf64.elf: application/x-executable-elf
tests_data/mitra/filecomment.zip: application/zip
tests_data/mitra/flac.flac: audio/flac
tests_data/mitra/footer.tga: image/x-tga
tests_data/mitra/gif87.gif: image/gif
tests_data/mitra/gif89.gif: image/gif
tests_data/mitra/gzip.gz: application/gzip
tests_data/mitra/hello-gnu.tar: application/x-tar
tests_data/mitra/hello-pax.tar: application/x-tar
tests_data/mitra/hello-ustar.tar: application/x-tar
tests_data/mitra/hello-world.xar: application/x-xar
tests_data/mitra/html.htm: text/plain [Low-confidence model best-guess: handlebars (unknown), score=0.412]
tests_data/mitra/id3v1.mp3: audio/mpeg
tests_data/mitra/id3v2.mp3: audio/mpeg
tests_data/mitra/implode.zip: application/zip
tests_data/mitra/implodeV3.zip: application/zip
tests_data/mitra/iso.iso: application/x-iso9660-image
tests_data/mitra/java.class: application/x-java-applet
tests_data/mitra/jpeg.zip: application/zip
tests_data/mitra/jpg.jpg: image/jpeg
tests_data/mitra/lzma.zip: application/zip
tests_data/mitra/mini.xar: application/x-xar
tests_data/mitra/mini.zip: application/zip
tests_data/mitra/mp4.mp4: video/mp4
tests_data/mitra/pcap.pcap: application/vnd.tcpdump.pcap
tests_data/mitra/pcapng.pcapng: application/octet-stream [Low-confidence model best-guess: Stereolithography CAD (binary) (image), score=0.196]
tests_data/mitra/pdf.pdf: application/pdf
tests_data/mitra/pe32.exe: application/x-dosexec
tests_data/mitra/pe64.exe: application/x-dosexec
tests_data/mitra/php.php: text/x-php
tests_data/mitra/png.png: image/png
tests_data/mitra/rar4.rar: application/x-rar
tests_data/mitra/rar5.rar: application/x-rar
tests_data/mitra/reduced1.zip: application/zip
tests_data/mitra/reduced2.zip: application/zip
tests_data/mitra/reduced3.zip: application/zip
tests_data/mitra/reduced4.zip: application/zip
tests_data/mitra/rich.rtf: text/rtf
tests_data/mitra/riff.wav: audio/x-wav
tests_data/mitra/rifx.wav: audio/x-wav
tests_data/mitra/shrunk.zip: application/zip
tests_data/mitra/simple.zip: application/zip
tests_data/mitra/store.zip: application/zip
tests_data/mitra/svg.svg: image/svg+xml
tests_data/mitra/tar.tar: application/x-tar
tests_data/mitra/tiff-be.tif: image/tiff
tests_data/mitra/tiff-le.tif: image/tiff
tests_data/mitra/tiny.flac: audio/flac
tests_data/mitra/unicode.zip: application/zip
tests_data/mitra/unicode2.zip: application/zip
tests_data/mitra/unix.zip: application/zip
tests_data/mitra/unixdesc.zip: application/zip
tests_data/mitra/volumecomment.zip: application/zip
tests_data/mitra/vorbis.ogg: audio/ogg
tests_data/mitra/wavpack.zip: application/zip
tests_data/mitra/webm.webm: video/webm
tests_data/mitra/webp.webp: image/webp
tests_data/mitra/webpl.webp: image/webp
tests_data/mitra/xz.xz: application/x-xz
tests_data/mitra/zip.zip: application/zip
tests_data/mitra/zip64.zip: application/zip
tests_data/mitra/zipcrypto.zip: application/zip
tests_data/mitra/zopfli.zip: application/zip
